2020-02-06T08:36:31+07:00 SYSTEMS - main.go:27: Starting Application
2020-02-06T08:36:31+07:00 SYSTEMS - customlogger.go:51: Login Page
2020-02-06T08:40:43+07:00 SYSTEMS - main.go:27: Starting Application
2020-02-06T08:40:43+07:00 SYSTEMS - customlogger.go:51: Login Page
2020-02-06T09:15:30+07:00 SYSTEMS - main.go:27: Starting Application
2020-02-06T09:15:52+07:00 SYSTEMS - main.go:27: Starting Application
2020-02-06T09:16:24+07:00 SYSTEMS - main.go:27: Starting Application
2020-02-06T09:17:19+07:00 SYSTEMS - main.go:27: Starting Application
2020-02-06T09:18:17+07:00 SYSTEMS - main.go:27: Starting Application
2020-02-06T09:20:11+07:00 SYSTEMS - main.go:27: Starting Application
2020-02-06T09:20:43+07:00 SYSTEMS - main.go:27: Starting Application
2020-02-06T09:21:20+07:00 SYSTEMS - main.go:27: Starting Application
2020-02-06T09:21:42+07:00 SYSTEMS - main.go:27: Starting Application
2020-02-06T09:22:29+07:00 SYSTEMS - main.go:27: Starting Application
2020-02-06T09:22:53+07:00 SYSTEMS - main.go:27: Starting Application
2020-02-06T09:26:20+07:00 SYSTEMS - main.go:27: Starting Application
2020-02-06T09:35:32+07:00 SYSTEMS - main.go:27: Starting Application
2020-02-06T09:39:34+07:00 SYSTEMS - main.go:27: Starting Application
2020-02-06T09:48:42+07:00 SYSTEMS - main.go:27: Starting Application
2020-02-06T09:48:42+07:00 SYSTEMS - customlogger.go:51: Login Page
2020-02-06T09:53:10+07:00 SYSTEMS - main.go:27: Starting Application
2020-02-06T10:01:03+07:00 SYSTEMS - main.go:27: Starting Application
2020-02-06T10:01:47+07:00 SYSTEMS - main.go:27: Starting Application
2020-02-06T10:02:20+07:00 SYSTEMS - main.go:27: Starting Application
2020-02-06T10:02:54+07:00 SYSTEMS - main.go:27: Starting Application
2020-02-06T10:03:29+07:00 SYSTEMS - main.go:27: Starting Application
2020-02-06T10:06:17+07:00 SYSTEMS - main.go:27: Starting Application
2020-02-06T10:06:17+07:00 SYSTEMS - MyProfileController.go:200: password_false
2020-02-06T10:06:17+07:00 SYSTEMS - MyProfileController.go:200: password_false
2020-02-06T10:06:17+07:00 SYSTEMS - MyProfileController.go:200: password_false
2020-02-06T10:06:17+07:00 SYSTEMS - MyProfileController.go:200: password_false
2020-02-06T10:06:46+07:00 SYSTEMS - main.go:27: Starting Application
2020-02-06T10:06:46+07:00 SYSTEMS - MyProfileController.go:200: password_false
2020-02-06T10:06:46+07:00 SYSTEMS - MyProfileController.go:200: password_false
2020-02-06T10:06:46+07:00 SYSTEMS - MyProfileController.go:200: password_false
2020-02-06T10:06:46+07:00 SYSTEMS - MyProfileController.go:200: password_false
2020-02-06T10:06:46+07:00 SYSTEMS - MyProfileController.go:200: password_false
2020-02-06T10:06:46+07:00 SYSTEMS - MyProfileController.go:200: password_false
2020-02-06T10:06:46+07:00 SYSTEMS - MyProfileController.go:200: password_false
2020-02-06T10:06:46+07:00 SYSTEMS - MyProfileController.go:200: password_false
2020-02-06T10:06:46+07:00 SYSTEMS - customlogger.go:51: Login Page
2020-02-06T10:06:46+07:00 SYSTEMS - MyProfileController.go:200: password_false
2020-02-06T10:08:19+07:00 SYSTEMS - main.go:27: Starting Application
2020-02-06T10:08:19+07:00 SYSTEMS - MyProfileController.go:200: password_false
2020-02-06T10:08:19+07:00 SYSTEMS - customlogger.go:51: Login Page
2020-02-06T10:09:11+07:00 SYSTEMS - main.go:27: Starting Application
2020-02-06T10:09:11+07:00 SYSTEMS - MyProfileController.go:200: password_false
2020-02-06T10:09:11+07:00 SYSTEMS - MyProfileController.go:200: password_false
2020-02-06T10:09:11+07:00 SYSTEMS - MyProfileController.go:200: password_false
2020-02-06T10:09:11+07:00 SYSTEMS - MyProfileController.go:200: password_false
2020-02-06T10:09:11+07:00 SYSTEMS - MyProfileController.go:200: password_false
2020-02-06T10:09:11+07:00 SYSTEMS - MyProfileController.go:200: password_false
2020-02-06T10:09:11+07:00 SYSTEMS - MyProfileController.go:200: password_false
2020-02-06T10:09:11+07:00 SYSTEMS - MyProfileController.go:200: password_false
2020-02-06T10:09:11+07:00 SYSTEMS - MyProfileController.go:200: password_false
2020-02-06T10:09:11+07:00 SYSTEMS - MyProfileController.go:200: password_false
2020-02-06T10:09:11+07:00 SYSTEMS - MyProfileController.go:200: password_false
2020-02-06T10:09:11+07:00 SYSTEMS - MyProfileController.go:200: password_false
2020-02-06T10:09:11+07:00 SYSTEMS - MyProfileController.go:200: password_false
2020-02-06T10:09:11+07:00 SYSTEMS - MyProfileController.go:200: password_false
2020-02-06T10:09:11+07:00 SYSTEMS - MyProfileController.go:200: password_false
2020-02-06T10:09:11+07:00 SYSTEMS - MyProfileController.go:200: password_false
2020-02-06T10:09:11+07:00 SYSTEMS - MyProfileController.go:200: password_false
2020-02-06T10:09:11+07:00 SYSTEMS - MyProfileController.go:200: password_false
2020-02-06T10:09:11+07:00 SYSTEMS - MyProfileController.go:200: password_false
2020-02-06T10:09:11+07:00 SYSTEMS - customlogger.go:51: Login Page
2020-02-06T10:09:11+07:00 SYSTEMS - MyProfileController.go:200: password_false
2020-02-06T10:09:11+07:00 SYSTEMS - MyProfileController.go:200: password_false
2020-02-06T10:09:11+07:00 SYSTEMS - MyProfileController.go:200: password_false
2020-02-06T10:09:11+07:00 SYSTEMS - MyProfileController.go:200: password_false
2020-02-06T10:09:11+07:00 SYSTEMS - MyProfileController.go:200: password_false
2020-02-06T10:09:11+07:00 SYSTEMS - MyProfileController.go:200: password_false
2020-02-06T10:09:11+07:00 SYSTEMS - MyProfileController.go:200: password_false
2020-02-06T10:09:11+07:00 SYSTEMS - MyProfileController.go:200: password_false
2020-02-06T10:09:11+07:00 SYSTEMS - MyProfileController.go:200: password_false
2020-02-06T10:09:11+07:00 SYSTEMS - MyProfileController.go:200: password_false
2020-02-06T10:09:11+07:00 SYSTEMS - MyProfileController.go:200: password_false
2020-02-06T10:09:11+07:00 SYSTEMS - MyProfileController.go:200: password_false
2020-02-06T10:09:11+07:00 SYSTEMS - MyProfileController.go:200: password_false
2020-02-06T10:09:11+07:00 SYSTEMS - MyProfileController.go:200: password_false
2020-02-06T10:09:11+07:00 SYSTEMS - MyProfileController.go:200: password_false
2020-02-06T10:09:11+07:00 SYSTEMS - MyProfileController.go:200: password_false
2020-02-06T10:09:11+07:00 SYSTEMS - MyProfileController.go:200: password_false
2020-02-06T10:09:11+07:00 SYSTEMS - MyProfileController.go:200: password_false
2020-02-06T10:09:11+07:00 SYSTEMS - MyProfileController.go:200: password_false
2020-02-06T10:09:11+07:00 SYSTEMS - MyProfileController.go:200: password_false
2020-02-06T10:09:11+07:00 SYSTEMS - MyProfileController.go:200: password_false
2020-02-06T10:09:11+07:00 SYSTEMS - MyProfileController.go:200: password_false
2020-02-06T10:09:11+07:00 SYSTEMS - MyProfileController.go:200: password_false
2020-02-06T10:09:11+07:00 SYSTEMS - MyProfileController.go:200: password_false
2020-02-06T10:09:11+07:00 SYSTEMS - MyProfileController.go:200: password_false
2020-02-06T10:09:11+07:00 SYSTEMS - MyProfileController.go:200: password_false
2020-02-06T10:09:11+07:00 SYSTEMS - MyProfileController.go:200: password_false
2020-02-06T10:09:11+07:00 SYSTEMS - MyProfileController.go:200: password_false
2020-02-06T10:09:11+07:00 SYSTEMS - MyProfileController.go:200: password_false
2020-02-06T10:09:11+07:00 SYSTEMS - MyProfileController.go:200: password_false
2020-02-06T10:09:11+07:00 SYSTEMS - MyProfileController.go:200: password_false
2020-02-06T10:09:11+07:00 SYSTEMS - MyProfileController.go:200: password_false
2020-02-06T10:09:11+07:00 SYSTEMS - MyProfileController.go:200: password_false
2020-02-06T10:26:26+07:00 SYSTEMS - main.go:27: Starting Application
2020-02-06T10:27:51+07:00 SYSTEMS - main.go:27: Starting Application
2020-02-06T10:28:37+07:00 SYSTEMS - main.go:27: Starting Application
2020-02-06T10:30:06+07:00 SYSTEMS - main.go:27: Starting Application
2020-02-06T10:30:06+07:00 SYSTEMS - MyProfileController.go:200: password_false
2020-02-06T10:30:06+07:00 SYSTEMS - MyProfileController.go:200: password_false
2020-02-06T10:30:06+07:00 SYSTEMS - MyProfileController.go:200: password_false
2020-02-06T10:31:01+07:00 SYSTEMS - main.go:27: Starting Application
2020-02-06T10:31:01+07:00 SYSTEMS - MyProfileController.go:200: password_false
2020-02-06T10:31:25+07:00 SYSTEMS - main.go:27: Starting Application
2020-02-06T10:31:25+07:00 SYSTEMS - MyProfileController.go:200: password_false
2020-02-06T10:31:25+07:00 SYSTEMS - MyProfileController.go:200: password_false
2020-02-06T10:31:25+07:00 SYSTEMS - MyProfileController.go:200: password_false
2020-02-06T10:57:14+07:00 SYSTEMS - main.go:27: Starting Application
2020-02-06T10:59:52+07:00 SYSTEMS - main.go:27: Starting Application
2020-02-06T10:59:52+07:00 SYSTEMS - MyProfileController.go:200: password_false
2020-02-06T10:59:52+07:00 SYSTEMS - MyProfileController.go:200: password_false
2020-02-06T10:59:52+07:00 SYSTEMS - MyProfileController.go:200: password_false
2020-02-06T11:01:27+07:00 SYSTEMS - main.go:27: Starting Application
2020-02-06T11:05:06+07:00 SYSTEMS - main.go:27: Starting Application
2020-02-06T11:05:06+07:00 SYSTEMS - MyProfileController.go:202: password_false
2020-02-06T11:05:06+07:00 SYSTEMS - MyProfileController.go:202: password_false
2020-02-06T11:05:06+07:00 SYSTEMS - MyProfileController.go:202: password_false
2020-02-06T11:06:04+07:00 SYSTEMS - main.go:27: Starting Application
2020-02-06T11:07:33+07:00 SYSTEMS - main.go:27: Starting Application
2020-02-06T11:10:09+07:00 SYSTEMS - main.go:27: Starting Application
2020-02-06T11:10:09+07:00 SYSTEMS - MyProfileController.go:201: password_false
2020-02-06T11:10:09+07:00 SYSTEMS - MyProfileController.go:201: password_false
2020-02-06T11:10:09+07:00 SYSTEMS - MyProfileController.go:201: password_false
2020-02-06T11:10:09+07:00 SYSTEMS - MyProfileController.go:201: password_false
2020-02-06T11:10:09+07:00 SYSTEMS - MyProfileController.go:201: password_false
2020-02-06T11:11:42+07:00 SYSTEMS - main.go:27: Starting Application
2020-02-06T11:11:42+07:00 SYSTEMS - MyProfileController.go:201: password_false
2020-02-06T11:12:16+07:00 SYSTEMS - main.go:27: Starting Application
2020-02-06T11:12:51+07:00 SYSTEMS - main.go:27: Starting Application
2020-02-06T11:14:00+07:00 SYSTEMS - main.go:27: Starting Application
2020-02-06T11:14:00+07:00 SYSTEMS - customlogger.go:51: Login Page
2020-02-06T11:14:42+07:00 SYSTEMS - main.go:27: Starting Application
2020-02-06T11:14:42+07:00 SYSTEMS - MyProfileController.go:201: password_false
2020-02-06T11:17:42+07:00 SYSTEMS - main.go:27: Starting Application
2020-02-06T11:18:42+07:00 SYSTEMS - main.go:27: Starting Application
2020-02-06T11:19:11+07:00 SYSTEMS - main.go:27: Starting Application
2020-02-06T11:19:11+07:00 SYSTEMS - MyProfileController.go:201: password_false
2020-02-06T11:19:11+07:00 SYSTEMS - MyProfileController.go:201: password_false
2020-02-06T11:19:43+07:00 SYSTEMS - main.go:27: Starting Application
2020-02-06T11:20:15+07:00 SYSTEMS - main.go:27: Starting Application
2020-02-06T11:20:40+07:00 SYSTEMS - main.go:27: Starting Application
2020-02-06T11:21:09+07:00 SYSTEMS - main.go:27: Starting Application
2020-02-06T11:22:38+07:00 SYSTEMS - main.go:27: Starting Application
2020-02-06T11:22:38+07:00 SYSTEMS - MyProfileController.go:201: password_false
2020-02-06T11:23:25+07:00 SYSTEMS - main.go:27: Starting Application
2020-02-06T11:23:25+07:00 SYSTEMS - MyProfileController.go:201: password_false
2020-02-06T11:23:25+07:00 SYSTEMS - MyProfileController.go:201: password_false
2020-02-06T11:23:25+07:00 SYSTEMS - MyProfileController.go:201: password_false
2020-02-06T11:24:09+07:00 SYSTEMS - main.go:27: Starting Application
2020-02-06T11:27:25+07:00 SYSTEMS - main.go:27: Starting Application
2020-02-06T11:27:47+07:00 SYSTEMS - main.go:27: Starting Application
2020-02-06T11:28:08+07:00 SYSTEMS - main.go:27: Starting Application
2020-02-06T11:31:12+07:00 SYSTEMS - main.go:27: Starting Application
2020-02-06T11:59:04+07:00 SYSTEMS - main.go:27: Starting Application
2020-02-06T11:59:04+07:00 SYSTEMS - MyProfileController.go:201: password_false
2020-02-06T11:59:04+07:00 SYSTEMS - MyProfileController.go:201: password_false
2020-02-06T11:59:04+07:00 SYSTEMS - MyProfileController.go:201: password_false
2020-02-06T11:59:04+07:00 SYSTEMS - MyProfileController.go:201: password_false
2020-02-06T11:59:04+07:00 SYSTEMS - customlogger.go:51: Login Page
2020-02-06T11:59:04+07:00 SYSTEMS - customlogger.go:51: Login Page
2020-02-06T08:58:25+07:00 SYSTEMS - main.go:27: Starting Application
2020-02-06T08:58:25+07:00 SYSTEMS - customlogger.go:51: Login Page
2020-02-06T08:58:25+07:00 SYSTEMS - MyProfileController.go:30: Error 1054: Unknown column 'telephone' in 'field list'
2020-02-06T08:59:50+07:00 SYSTEMS - main.go:27: Starting Application
2020-02-06T08:59:50+07:00 SYSTEMS - MyProfileController.go:30: dial tcp 127.0.0.1:3306: connectex: No connection could be made because the target machine actively refused it.
2020-02-06T08:59:50+07:00 SYSTEMS - MyProfileController.go:30: dial tcp 127.0.0.1:3306: connectex: No connection could be made because the target machine actively refused it.
2020-02-06T08:59:50+07:00 SYSTEMS - MyProfileController.go:30: dial tcp 127.0.0.1:3306: connectex: No connection could be made because the target machine actively refused it.
2020-02-06T08:59:50+07:00 SYSTEMS - MyProfileController.go:30: dial tcp 127.0.0.1:3306: connectex: No connection could be made because the target machine actively refused it.
2020-02-06T08:59:50+07:00 SYSTEMS - customlogger.go:51: Login Page
2020-02-06T08:59:50+07:00 SYSTEMS - customlogger.go:51: Login Page
2020-02-06T08:59:50+07:00 SYSTEMS - customlogger.go:51: Login Page
2020-02-06T08:59:50+07:00 SYSTEMS - MyProfileController.go:201: password_false
2020-02-06T08:59:50+07:00 SYSTEMS - MyProfileController.go:201: password_false
2020-02-06T16:59:05+07:00 SYSTEMS - main.go:27: Starting Application
2020-02-06T17:00:05+07:00 SYSTEMS - main.go:27: Starting Application
2020-02-06T17:00:30+07:00 SYSTEMS - main.go:27: Starting Application
2020-02-06T17:01:50+07:00 SYSTEMS - main.go:27: Starting Application
2020-02-06T17:01:50+07:00 SYSTEMS - MyProfileController.go:201: password_false
2020-02-06T17:01:50+07:00 SYSTEMS - MyProfileController.go:201: password_false
2020-02-06T17:10:29+07:00 SYSTEMS - main.go:27: Starting Application
2020-02-06T17:10:29+07:00 SYSTEMS - MyProfileController.go:202: password_false
2020-02-06T17:12:14+07:00 SYSTEMS - main.go:27: Starting Application
2020-02-06T17:13:14+07:00 SYSTEMS - main.go:27: Starting Application
2020-02-06T17:13:14+07:00 SYSTEMS - customlogger.go:51: Login Page
2020-02-06T17:16:12+07:00 SYSTEMS - main.go:27: Starting Application
2020-02-06T17:16:12+07:00 SYSTEMS - MyProfileController.go:206: password_false
2020-02-06T17:16:12+07:00 SYSTEMS - MyProfileController.go:222: Error 1064: You have an error in your SQL syntax; check the manual that corresponds to your MariaDB server version for the right syntax to use near 'update_date = ? WHERE id=?' at line 1
2020-02-06T17:16:12+07:00 SYSTEMS - MyProfileController.go:222: Error 1064: You have an error in your SQL syntax; check the manual that corresponds to your MariaDB server version for the right syntax to use near 'update_date = ? WHERE id=?' at line 1
2020-02-06T17:16:12+07:00 SYSTEMS - MyProfileController.go:222: Error 1064: You have an error in your SQL syntax; check the manual that corresponds to your MariaDB server version for the right syntax to use near 'update_date = ? WHERE id=?' at line 1
2020-02-06T17:16:12+07:00 SYSTEMS - MyProfileController.go:222: Error 1064: You have an error in your SQL syntax; check the manual that corresponds to your MariaDB server version for the right syntax to use near 'update_date = ? WHERE id=?' at line 1
2020-02-06T17:16:12+07:00 SYSTEMS - MyProfileController.go:222: Error 1064: You have an error in your SQL syntax; check the manual that corresponds to your MariaDB server version for the right syntax to use near 'update_date = ? WHERE id=?' at line 1
2020-02-06T17:16:12+07:00 SYSTEMS - MyProfileController.go:222: Error 1064: You have an error in your SQL syntax; check the manual that corresponds to your MariaDB server version for the right syntax to use near 'update_date = ? WHERE id=?' at line 1
2020-02-06T17:16:12+07:00 SYSTEMS - MyProfileController.go:222: Error 1064: You have an error in your SQL syntax; check the manual that corresponds to your MariaDB server version for the right syntax to use near 'update_date = ? WHERE id=?' at line 1
2020-02-06T17:16:12+07:00 SYSTEMS - MyProfileController.go:222: Error 1064: You have an error in your SQL syntax; check the manual that corresponds to your MariaDB server version for the right syntax to use near 'update_date = ? WHERE id=?' at line 1
2020-02-06T17:17:51+07:00 SYSTEMS - main.go:27: Starting Application
2020-02-06T17:17:51+07:00 SYSTEMS - MyProfileController.go:206: password_false
2020-02-06T17:17:51+07:00 SYSTEMS - MyProfileController.go:206: password_false
2020-02-06T17:17:51+07:00 SYSTEMS - MyProfileController.go:206: password_false
2020-02-06T17:17:51+07:00 SYSTEMS - MyProfileController.go:206: password_false
2020-02-06T17:17:51+07:00 SYSTEMS - MyProfileController.go:206: password_false
2020-02-06T17:17:51+07:00 SYSTEMS - MyProfileController.go:206: password_false
2020-02-06T17:17:51+07:00 SYSTEMS - MyProfileController.go:206: password_false
2020-02-06T17:17:51+07:00 SYSTEMS - MyProfileController.go:206: password_false
2020-02-06T17:17:51+07:00 SYSTEMS - customlogger.go:51: Login Page
2020-02-06T17:17:51+07:00 SYSTEMS - customlogger.go:51: Login Page
2020-02-06T17:20:29+07:00 SYSTEMS - main.go:27: Starting Application
2020-02-06T17:20:29+07:00 SYSTEMS - MyProfileController.go:270: Changes Password
2020-02-06T17:20:29+07:00 SYSTEMS - MyProfileController.go:270: Changes Password
